<?xml version="1.0" encoding="UTF-8"?>
<coverage generated="1594228181079" clover="3.2.0">
  <project timestamp="1594228181079" name="All files">
    <metrics statements="98" coveredstatements="92" conditionals="18" coveredconditionals="17" methods="26" coveredmethods="22" elements="142" coveredelements="131" complexity="0" loc="98" ncloc="98" packages="1" files="2" classes="2"/>
    <file name="form.js" path="/Users/susancarson/WebstormProjects/bakers/src/form.js">
      <metrics statements="71" coveredstatements="65" conditionals="6" coveredconditionals="5" methods="16" coveredmethods="12"/>
      <line num="4" count="6" type="stmt"/>
      <line num="6" count="6" type="stmt"/>
      <line num="7" count="6" type="stmt"/>
      <line num="8" count="6" type="stmt"/>
      <line num="9" count="6" type="stmt"/>
      <line num="10" count="6" type="stmt"/>
      <line num="11" count="6" type="stmt"/>
      <line num="12" count="6" type="stmt"/>
      <line num="13" count="6" type="stmt"/>
      <line num="15" count="6" type="stmt"/>
      <line num="16" count="6" type="stmt"/>
      <line num="20" count="6" type="stmt"/>
      <line num="38" count="6" type="stmt"/>
      <line num="40" count="6" type="stmt"/>
      <line num="41" count="6" type="stmt"/>
      <line num="42" count="6" type="stmt"/>
      <line num="43" count="6" type="stmt"/>
      <line num="44" count="6" type="stmt"/>
      <line num="45" count="6" type="stmt"/>
      <line num="46" count="6" type="stmt"/>
      <line num="47" count="6" type="stmt"/>
      <line num="48" count="6" type="stmt"/>
      <line num="49" count="6" type="stmt"/>
      <line num="52" count="6" type="stmt"/>
      <line num="53" count="6" type="stmt"/>
      <line num="59" count="1" type="stmt"/>
      <line num="60" count="14" type="stmt"/>
      <line num="66" count="39" type="stmt"/>
      <line num="67" count="39" type="cond" truecount="2" falsecount="0"/>
      <line num="68" count="35" type="stmt"/>
      <line num="69" count="35" type="stmt"/>
      <line num="70" count="35" type="cond" truecount="1" falsecount="1"/>
      <line num="71" count="35" type="stmt"/>
      <line num="73" count="4" type="stmt"/>
      <line num="74" count="4" type="stmt"/>
      <line num="75" count="17" type="stmt"/>
      <line num="76" count="17" type="cond" truecount="2" falsecount="0"/>
      <line num="77" count="12" type="stmt"/>
      <line num="80" count="39" type="stmt"/>
      <line num="85" count="7" type="stmt"/>
      <line num="86" count="7" type="stmt"/>
      <line num="87" count="7" type="stmt"/>
      <line num="88" count="7" type="stmt"/>
      <line num="89" count="7" type="stmt"/>
      <line num="94" count="6" type="stmt"/>
      <line num="95" count="6" type="stmt"/>
      <line num="96" count="6" type="stmt"/>
      <line num="97" count="6" type="stmt"/>
      <line num="98" count="6" type="stmt"/>
      <line num="99" count="6" type="stmt"/>
      <line num="100" count="30" type="stmt"/>
      <line num="103" count="6" type="stmt"/>
      <line num="104" count="30" type="stmt"/>
      <line num="105" count="30" type="stmt"/>
      <line num="111" count="0" type="stmt"/>
      <line num="112" count="0" type="stmt"/>
      <line num="113" count="0" type="stmt"/>
      <line num="116" count="0" type="stmt"/>
      <line num="117" count="0" type="stmt"/>
      <line num="123" count="6" type="stmt"/>
      <line num="129" count="0" type="stmt"/>
      <line num="133" count="6" type="stmt"/>
      <line num="135" count="1" type="stmt"/>
      <line num="137" count="1" type="stmt"/>
      <line num="139" count="1" type="stmt"/>
      <line num="141" count="1" type="stmt"/>
      <line num="143" count="1" type="stmt"/>
      <line num="148" count="54" type="stmt"/>
      <line num="149" count="54" type="stmt"/>
      <line num="154" count="30" type="stmt"/>
      <line num="155" count="30" type="stmt"/>
    </file>
    <file name="sourdough.js" path="/Users/susancarson/WebstormProjects/bakers/src/sourdough.js">
      <metrics statements="27" coveredstatements="27" conditionals="12" coveredconditionals="12" methods="10" coveredmethods="10"/>
      <line num="4" count="12" type="stmt"/>
      <line num="5" count="12" type="stmt"/>
      <line num="6" count="12" type="stmt"/>
      <line num="7" count="12" type="stmt"/>
      <line num="8" count="12" type="stmt"/>
      <line num="11" count="39" type="stmt"/>
      <line num="15" count="29" type="stmt"/>
      <line num="19" count="9" type="stmt"/>
      <line num="23" count="5" type="cond" truecount="2" falsecount="0"/>
      <line num="24" count="3" type="stmt"/>
      <line num="25" count="2" type="stmt"/>
      <line num="29" count="3" type="stmt"/>
      <line num="32" count="2" type="cond" truecount="2" falsecount="0"/>
      <line num="33" count="1" type="stmt"/>
      <line num="34" count="1" type="stmt"/>
      <line num="37" count="2" type="cond" truecount="2" falsecount="0"/>
      <line num="38" count="1" type="stmt"/>
      <line num="39" count="1" type="stmt"/>
      <line num="42" count="2" type="cond" truecount="2" falsecount="0"/>
      <line num="43" count="1" type="stmt"/>
      <line num="44" count="1" type="stmt"/>
      <line num="47" count="2" type="cond" truecount="2" falsecount="0"/>
      <line num="48" count="1" type="stmt"/>
      <line num="49" count="1" type="stmt"/>
      <line num="52" count="2" type="cond" truecount="2" falsecount="0"/>
      <line num="53" count="1" type="stmt"/>
      <line num="54" count="1" type="stmt"/>
    </file>
  </project>
</coverage>
