{"/Users/susancarson/WebstormProjects/bakers/src/form.js": {"path":"/Users/susancarson/WebstormProjects/bakers/src/form.js","statementMap":{"0":{"start":{"line":4,"column":21},"end":{"line":4,"column":25}},"1":{"start":{"line":6,"column":19},"end":{"line":6,"column":23}},"2":{"start":{"line":7,"column":20},"end":{"line":7,"column":24}},"3":{"start":{"line":8,"column":18},"end":{"line":8,"column":22}},"4":{"start":{"line":9,"column":26},"end":{"line":9,"column":30}},"5":{"start":{"line":10,"column":22},"end":{"line":10,"column":26}},"6":{"start":{"line":11,"column":22},"end":{"line":11,"column":26}},"7":{"start":{"line":12,"column":23},"end":{"line":12,"column":27}},"8":{"start":{"line":13,"column":25},"end":{"line":13,"column":29}},"9":{"start":{"line":15,"column":15},"end":{"line":15,"column":19}},"10":{"start":{"line":16,"column":16},"end":{"line":16,"column":20}},"11":{"start":{"line":20,"column":16},"end":{"line":35,"column":5}},"12":{"start":{"line":38,"column":8},"end":{"line":38,"column":28}},"13":{"start":{"line":40,"column":8},"end":{"line":40,"column":78}},"14":{"start":{"line":41,"column":8},"end":{"line":41,"column":80}},"15":{"start":{"line":42,"column":8},"end":{"line":42,"column":76}},"16":{"start":{"line":43,"column":8},"end":{"line":43,"column":72}},"17":{"start":{"line":44,"column":8},"end":{"line":44,"column":65}},"18":{"start":{"line":45,"column":8},"end":{"line":45,"column":81}},"19":{"start":{"line":46,"column":8},"end":{"line":46,"column":81}},"20":{"start":{"line":47,"column":8},"end":{"line":47,"column":83}},"21":{"start":{"line":48,"column":8},"end":{"line":48,"column":89}},"22":{"start":{"line":49,"column":8},"end":{"line":49,"column":92}},"23":{"start":{"line":52,"column":8},"end":{"line":52,"column":36}},"24":{"start":{"line":53,"column":8},"end":{"line":53,"column":31}},"25":{"start":{"line":59,"column":8},"end":{"line":61,"column":10}},"26":{"start":{"line":60,"column":12},"end":{"line":60,"column":30}},"27":{"start":{"line":66,"column":18},"end":{"line":66,"column":19}},"28":{"start":{"line":67,"column":8},"end":{"line":79,"column":9}},"29":{"start":{"line":68,"column":25},"end":{"line":68,"column":55}},"30":{"start":{"line":69,"column":24},"end":{"line":69,"column":34}},"31":{"start":{"line":70,"column":12},"end":{"line":71,"column":36}},"32":{"start":{"line":71,"column":16},"end":{"line":71,"column":36}},"33":{"start":{"line":73,"column":24},"end":{"line":73,"column":37}},"34":{"start":{"line":74,"column":12},"end":{"line":78,"column":13}},"35":{"start":{"line":74,"column":25},"end":{"line":74,"column":28}},"36":{"start":{"line":75,"column":28},"end":{"line":75,"column":47}},"37":{"start":{"line":76,"column":16},"end":{"line":77,"column":41}},"38":{"start":{"line":77,"column":20},"end":{"line":77,"column":41}},"39":{"start":{"line":80,"column":8},"end":{"line":80,"column":19}},"40":{"start":{"line":85,"column":8},"end":{"line":85,"column":68}},"41":{"start":{"line":86,"column":8},"end":{"line":86,"column":68}},"42":{"start":{"line":87,"column":8},"end":{"line":87,"column":60}},"43":{"start":{"line":88,"column":8},"end":{"line":88,"column":58}},"44":{"start":{"line":89,"column":8},"end":{"line":89,"column":64}},"45":{"start":{"line":94,"column":8},"end":{"line":94,"column":48}},"46":{"start":{"line":95,"column":8},"end":{"line":95,"column":47}},"47":{"start":{"line":96,"column":8},"end":{"line":96,"column":47}},"48":{"start":{"line":97,"column":8},"end":{"line":97,"column":51}},"49":{"start":{"line":98,"column":8},"end":{"line":98,"column":40}},"50":{"start":{"line":99,"column":8},"end":{"line":102,"column":10}},"51":{"start":{"line":100,"column":12},"end":{"line":100,"column":35}},"52":{"start":{"line":103,"column":8},"end":{"line":106,"column":10}},"53":{"start":{"line":104,"column":12},"end":{"line":104,"column":36}},"54":{"start":{"line":105,"column":12},"end":{"line":105,"column":49}},"55":{"start":{"line":111,"column":8},"end":{"line":111,"column":39}},"56":{"start":{"line":112,"column":8},"end":{"line":115,"column":10}},"57":{"start":{"line":113,"column":12},"end":{"line":113,"column":36}},"58":{"start":{"line":116,"column":8},"end":{"line":118,"column":10}},"59":{"start":{"line":117,"column":12},"end":{"line":117,"column":35}},"60":{"start":{"line":123,"column":8},"end":{"line":123,"column":83}},"61":{"start":{"line":129,"column":8},"end":{"line":129,"column":82}},"62":{"start":{"line":133,"column":25},"end":{"line":144,"column":5}},"63":{"start":{"line":135,"column":8},"end":{"line":135,"column":48}},"64":{"start":{"line":137,"column":8},"end":{"line":137,"column":65}},"65":{"start":{"line":139,"column":8},"end":{"line":139,"column":63}},"66":{"start":{"line":141,"column":8},"end":{"line":141,"column":62}},"67":{"start":{"line":143,"column":8},"end":{"line":143,"column":102}},"68":{"start":{"line":148,"column":8},"end":{"line":148,"column":49}},"69":{"start":{"line":149,"column":8},"end":{"line":149,"column":42}},"70":{"start":{"line":154,"column":8},"end":{"line":154,"column":40}},"71":{"start":{"line":155,"column":8},"end":{"line":155,"column":40}}},"fnMap":{"0":{"name":"(anonymous_0)","decl":{"start":{"line":37,"column":4},"end":{"line":37,"column":5}},"loc":{"start":{"line":37,"column":20},"end":{"line":55,"column":5}},"line":37},"1":{"name":"(anonymous_1)","decl":{"start":{"line":58,"column":4},"end":{"line":58,"column":5}},"loc":{"start":{"line":58,"column":26},"end":{"line":62,"column":5}},"line":58},"2":{"name":"(anonymous_2)","decl":{"start":{"line":59,"column":25},"end":{"line":59,"column":26}},"loc":{"start":{"line":59,"column":35},"end":{"line":61,"column":9}},"line":59},"3":{"name":"(anonymous_3)","decl":{"start":{"line":65,"column":4},"end":{"line":65,"column":5}},"loc":{"start":{"line":65,"column":26},"end":{"line":81,"column":5}},"line":65},"4":{"name":"(anonymous_4)","decl":{"start":{"line":84,"column":4},"end":{"line":84,"column":5}},"loc":{"start":{"line":84,"column":27},"end":{"line":90,"column":5}},"line":84},"5":{"name":"(anonymous_5)","decl":{"start":{"line":93,"column":4},"end":{"line":93,"column":5}},"loc":{"start":{"line":93,"column":22},"end":{"line":107,"column":5}},"line":93},"6":{"name":"(anonymous_6)","decl":{"start":{"line":99,"column":35},"end":{"line":99,"column":36}},"loc":{"start":{"line":99,"column":45},"end":{"line":102,"column":9}},"line":99},"7":{"name":"(anonymous_7)","decl":{"start":{"line":103,"column":34},"end":{"line":103,"column":35}},"loc":{"start":{"line":103,"column":44},"end":{"line":106,"column":9}},"line":103},"8":{"name":"(anonymous_8)","decl":{"start":{"line":110,"column":4},"end":{"line":110,"column":5}},"loc":{"start":{"line":110,"column":23},"end":{"line":119,"column":5}},"line":110},"9":{"name":"(anonymous_9)","decl":{"start":{"line":112,"column":35},"end":{"line":112,"column":36}},"loc":{"start":{"line":112,"column":45},"end":{"line":115,"column":9}},"line":112},"10":{"name":"(anonymous_10)","decl":{"start":{"line":116,"column":34},"end":{"line":116,"column":35}},"loc":{"start":{"line":116,"column":44},"end":{"line":118,"column":9}},"line":116},"11":{"name":"(anonymous_11)","decl":{"start":{"line":122,"column":4},"end":{"line":122,"column":5}},"loc":{"start":{"line":122,"column":32},"end":{"line":125,"column":5}},"line":122},"12":{"name":"(anonymous_12)","decl":{"start":{"line":128,"column":4},"end":{"line":128,"column":5}},"loc":{"start":{"line":128,"column":30},"end":{"line":130,"column":5}},"line":128},"13":{"name":"(anonymous_13)","decl":{"start":{"line":133,"column":25},"end":{"line":133,"column":26}},"loc":{"start":{"line":133,"column":32},"end":{"line":144,"column":5}},"line":133},"14":{"name":"(anonymous_14)","decl":{"start":{"line":147,"column":4},"end":{"line":147,"column":5}},"loc":{"start":{"line":147,"column":22},"end":{"line":150,"column":5}},"line":147},"15":{"name":"(anonymous_15)","decl":{"start":{"line":153,"column":4},"end":{"line":153,"column":5}},"loc":{"start":{"line":153,"column":23},"end":{"line":156,"column":5}},"line":153}},"branchMap":{"0":{"loc":{"start":{"line":67,"column":8},"end":{"line":79,"column":9}},"type":"if","locations":[{"start":{"line":67,"column":8},"end":{"line":79,"column":9}},{"start":{"line":67,"column":8},"end":{"line":79,"column":9}}],"line":67},"1":{"loc":{"start":{"line":70,"column":12},"end":{"line":71,"column":36}},"type":"if","locations":[{"start":{"line":70,"column":12},"end":{"line":71,"column":36}},{"start":{"line":70,"column":12},"end":{"line":71,"column":36}}],"line":70},"2":{"loc":{"start":{"line":76,"column":16},"end":{"line":77,"column":41}},"type":"if","locations":[{"start":{"line":76,"column":16},"end":{"line":77,"column":41}},{"start":{"line":76,"column":16},"end":{"line":77,"column":41}}],"line":76}},"s":{"0":6,"1":6,"2":6,"3":6,"4":6,"5":6,"6":6,"7":6,"8":6,"9":6,"10":6,"11":6,"12":6,"13":6,"14":6,"15":6,"16":6,"17":6,"18":6,"19":6,"20":6,"21":6,"22":6,"23":6,"24":6,"25":1,"26":14,"27":39,"28":39,"29":35,"30":35,"31":35,"32":35,"33":4,"34":4,"35":4,"36":17,"37":17,"38":12,"39":39,"40":7,"41":7,"42":7,"43":7,"44":7,"45":6,"46":6,"47":6,"48":6,"49":6,"50":6,"51":30,"52":6,"53":30,"54":30,"55":0,"56":0,"57":0,"58":0,"59":0,"60":6,"61":0,"62":6,"63":1,"64":1,"65":1,"66":1,"67":1,"68":54,"69":54,"70":30,"71":30},"f":{"0":6,"1":1,"2":14,"3":39,"4":7,"5":6,"6":30,"7":30,"8":0,"9":0,"10":0,"11":6,"12":0,"13":1,"14":54,"15":30},"b":{"0":[35,4],"1":[35,0],"2":[12,5]},"_coverageSchema":"1a1c01bbd47fc00a2c39e90264f33305004495a9","hash":"810206456146883dca4240925a565f89f28835d9"}
,"/Users/susancarson/WebstormProjects/bakers/src/sourdough.js": {"path":"/Users/susancarson/WebstormProjects/bakers/src/sourdough.js","statementMap":{"0":{"start":{"line":4,"column":16},"end":{"line":4,"column":17}},"1":{"start":{"line":5,"column":16},"end":{"line":5,"column":17}},"2":{"start":{"line":6,"column":12},"end":{"line":6,"column":13}},"3":{"start":{"line":7,"column":11},"end":{"line":7,"column":12}},"4":{"start":{"line":8,"column":14},"end":{"line":8,"column":15}},"5":{"start":{"line":11,"column":8},"end":{"line":11,"column":32}},"6":{"start":{"line":15,"column":8},"end":{"line":15,"column":65}},"7":{"start":{"line":19,"column":8},"end":{"line":19,"column":44}},"8":{"start":{"line":23,"column":8},"end":{"line":24,"column":53}},"9":{"start":{"line":24,"column":12},"end":{"line":24,"column":53}},"10":{"start":{"line":25,"column":8},"end":{"line":25,"column":17}},"11":{"start":{"line":29,"column":8},"end":{"line":29,"column":61}},"12":{"start":{"line":32,"column":8},"end":{"line":33,"column":52}},"13":{"start":{"line":33,"column":12},"end":{"line":33,"column":52}},"14":{"start":{"line":34,"column":8},"end":{"line":34,"column":17}},"15":{"start":{"line":37,"column":8},"end":{"line":38,"column":52}},"16":{"start":{"line":38,"column":12},"end":{"line":38,"column":52}},"17":{"start":{"line":39,"column":8},"end":{"line":39,"column":17}},"18":{"start":{"line":42,"column":8},"end":{"line":43,"column":48}},"19":{"start":{"line":43,"column":12},"end":{"line":43,"column":48}},"20":{"start":{"line":44,"column":8},"end":{"line":44,"column":17}},"21":{"start":{"line":47,"column":8},"end":{"line":48,"column":47}},"22":{"start":{"line":48,"column":12},"end":{"line":48,"column":47}},"23":{"start":{"line":49,"column":8},"end":{"line":49,"column":17}},"24":{"start":{"line":52,"column":8},"end":{"line":53,"column":50}},"25":{"start":{"line":53,"column":12},"end":{"line":53,"column":50}},"26":{"start":{"line":54,"column":8},"end":{"line":54,"column":17}}},"fnMap":{"0":{"name":"(anonymous_0)","decl":{"start":{"line":10,"column":4},"end":{"line":10,"column":5}},"loc":{"start":{"line":10,"column":21},"end":{"line":12,"column":5}},"line":10},"1":{"name":"(anonymous_1)","decl":{"start":{"line":14,"column":4},"end":{"line":14,"column":5}},"loc":{"start":{"line":14,"column":21},"end":{"line":16,"column":5}},"line":14},"2":{"name":"(anonymous_2)","decl":{"start":{"line":18,"column":4},"end":{"line":18,"column":5}},"loc":{"start":{"line":18,"column":21},"end":{"line":20,"column":5}},"line":18},"3":{"name":"(anonymous_3)","decl":{"start":{"line":22,"column":4},"end":{"line":22,"column":5}},"loc":{"start":{"line":22,"column":25},"end":{"line":26,"column":5}},"line":22},"4":{"name":"(anonymous_4)","decl":{"start":{"line":28,"column":4},"end":{"line":28,"column":5}},"loc":{"start":{"line":28,"column":22},"end":{"line":30,"column":5}},"line":28},"5":{"name":"(anonymous_5)","decl":{"start":{"line":31,"column":4},"end":{"line":31,"column":5}},"loc":{"start":{"line":31,"column":27},"end":{"line":35,"column":5}},"line":31},"6":{"name":"(anonymous_6)","decl":{"start":{"line":36,"column":4},"end":{"line":36,"column":5}},"loc":{"start":{"line":36,"column":27},"end":{"line":40,"column":5}},"line":36},"7":{"name":"(anonymous_7)","decl":{"start":{"line":41,"column":4},"end":{"line":41,"column":5}},"loc":{"start":{"line":41,"column":23},"end":{"line":45,"column":5}},"line":41},"8":{"name":"(anonymous_8)","decl":{"start":{"line":46,"column":4},"end":{"line":46,"column":5}},"loc":{"start":{"line":46,"column":22},"end":{"line":50,"column":5}},"line":46},"9":{"name":"(anonymous_9)","decl":{"start":{"line":51,"column":4},"end":{"line":51,"column":5}},"loc":{"start":{"line":51,"column":25},"end":{"line":55,"column":5}},"line":51}},"branchMap":{"0":{"loc":{"start":{"line":23,"column":8},"end":{"line":24,"column":53}},"type":"if","locations":[{"start":{"line":23,"column":8},"end":{"line":24,"column":53}},{"start":{"line":23,"column":8},"end":{"line":24,"column":53}}],"line":23},"1":{"loc":{"start":{"line":32,"column":8},"end":{"line":33,"column":52}},"type":"if","locations":[{"start":{"line":32,"column":8},"end":{"line":33,"column":52}},{"start":{"line":32,"column":8},"end":{"line":33,"column":52}}],"line":32},"2":{"loc":{"start":{"line":37,"column":8},"end":{"line":38,"column":52}},"type":"if","locations":[{"start":{"line":37,"column":8},"end":{"line":38,"column":52}},{"start":{"line":37,"column":8},"end":{"line":38,"column":52}}],"line":37},"3":{"loc":{"start":{"line":42,"column":8},"end":{"line":43,"column":48}},"type":"if","locations":[{"start":{"line":42,"column":8},"end":{"line":43,"column":48}},{"start":{"line":42,"column":8},"end":{"line":43,"column":48}}],"line":42},"4":{"loc":{"start":{"line":47,"column":8},"end":{"line":48,"column":47}},"type":"if","locations":[{"start":{"line":47,"column":8},"end":{"line":48,"column":47}},{"start":{"line":47,"column":8},"end":{"line":48,"column":47}}],"line":47},"5":{"loc":{"start":{"line":52,"column":8},"end":{"line":53,"column":50}},"type":"if","locations":[{"start":{"line":52,"column":8},"end":{"line":53,"column":50}},{"start":{"line":52,"column":8},"end":{"line":53,"column":50}}],"line":52}},"s":{"0":12,"1":12,"2":12,"3":12,"4":12,"5":39,"6":29,"7":9,"8":5,"9":3,"10":2,"11":3,"12":2,"13":1,"14":1,"15":2,"16":1,"17":1,"18":2,"19":1,"20":1,"21":2,"22":1,"23":1,"24":2,"25":1,"26":1},"f":{"0":39,"1":29,"2":9,"3":5,"4":3,"5":2,"6":2,"7":2,"8":2,"9":2},"b":{"0":[3,2],"1":[1,1],"2":[1,1],"3":[1,1],"4":[1,1],"5":[1,1]},"_coverageSchema":"1a1c01bbd47fc00a2c39e90264f33305004495a9","hash":"5188d76a10c2ed612f812e83424a799a40bd8263"}
}
