TN:
SF:src/form.js
FN:37,(anonymous_0)
FN:58,(anonymous_1)
FN:59,(anonymous_2)
FN:65,(anonymous_3)
FN:84,(anonymous_4)
FN:93,(anonymous_5)
FN:99,(anonymous_6)
FN:103,(anonymous_7)
FN:110,(anonymous_8)
FN:112,(anonymous_9)
FN:116,(anonymous_10)
FN:122,(anonymous_11)
FN:128,(anonymous_12)
FN:133,(anonymous_13)
FN:147,(anonymous_14)
FN:153,(anonymous_15)
FNF:16
FNH:12
FNDA:6,(anonymous_0)
FNDA:1,(anonymous_1)
FNDA:14,(anonymous_2)
FNDA:39,(anonymous_3)
FNDA:7,(anonymous_4)
FNDA:6,(anonymous_5)
FNDA:30,(anonymous_6)
FNDA:30,(anonymous_7)
FNDA:0,(anonymous_8)
FNDA:0,(anonymous_9)
FNDA:0,(anonymous_10)
FNDA:6,(anonymous_11)
FNDA:0,(anonymous_12)
FNDA:1,(anonymous_13)
FNDA:54,(anonymous_14)
FNDA:30,(anonymous_15)
DA:4,6
DA:6,6
DA:7,6
DA:8,6
DA:9,6
DA:10,6
DA:11,6
DA:12,6
DA:13,6
DA:15,6
DA:16,6
DA:20,6
DA:38,6
DA:40,6
DA:41,6
DA:42,6
DA:43,6
DA:44,6
DA:45,6
DA:46,6
DA:47,6
DA:48,6
DA:49,6
DA:52,6
DA:53,6
DA:59,1
DA:60,14
DA:66,39
DA:67,39
DA:68,35
DA:69,35
DA:70,35
DA:71,35
DA:73,4
DA:74,4
DA:75,17
DA:76,17
DA:77,12
DA:80,39
DA:85,7
DA:86,7
DA:87,7
DA:88,7
DA:89,7
DA:94,6
DA:95,6
DA:96,6
DA:97,6
DA:98,6
DA:99,6
DA:100,30
DA:103,6
DA:104,30
DA:105,30
DA:111,0
DA:112,0
DA:113,0
DA:116,0
DA:117,0
DA:123,6
DA:129,0
DA:133,6
DA:135,1
DA:137,1
DA:139,1
DA:141,1
DA:143,1
DA:148,54
DA:149,54
DA:154,30
DA:155,30
LF:71
LH:65
BRDA:67,0,0,35
BRDA:67,0,1,4
BRDA:70,1,0,35
BRDA:70,1,1,0
BRDA:76,2,0,12
BRDA:76,2,1,5
BRF:6
BRH:5
end_of_record
TN:
SF:src/sourdough.js
FN:10,(anonymous_0)
FN:14,(anonymous_1)
FN:18,(anonymous_2)
FN:22,(anonymous_3)
FN:28,(anonymous_4)
FN:31,(anonymous_5)
FN:36,(anonymous_6)
FN:41,(anonymous_7)
FN:46,(anonymous_8)
FN:51,(anonymous_9)
FNF:10
FNH:10
FNDA:39,(anonymous_0)
FNDA:29,(anonymous_1)
FNDA:9,(anonymous_2)
FNDA:5,(anonymous_3)
FNDA:3,(anonymous_4)
FNDA:2,(anonymous_5)
FNDA:2,(anonymous_6)
FNDA:2,(anonymous_7)
FNDA:2,(anonymous_8)
FNDA:2,(anonymous_9)
DA:4,12
DA:5,12
DA:6,12
DA:7,12
DA:8,12
DA:11,39
DA:15,29
DA:19,9
DA:23,5
DA:24,3
DA:25,2
DA:29,3
DA:32,2
DA:33,1
DA:34,1
DA:37,2
DA:38,1
DA:39,1
DA:42,2
DA:43,1
DA:44,1
DA:47,2
DA:48,1
DA:49,1
DA:52,2
DA:53,1
DA:54,1
LF:27
LH:27
BRDA:23,0,0,3
BRDA:23,0,1,2
BRDA:32,1,0,1
BRDA:32,1,1,1
BRDA:37,2,0,1
BRDA:37,2,1,1
BRDA:42,3,0,1
BRDA:42,3,1,1
BRDA:47,4,0,1
BRDA:47,4,1,1
BRDA:52,5,0,1
BRDA:52,5,1,1
BRF:12
BRH:12
end_of_record
